# JRE version: Java(TM) SE Runtime Environment (8.0_121-b13) (build 1.8.0_121-b13)
# Java VM: Java HotSpot(TM) Client VM (25.121-b13 mixed mode windows-x86 )
Heap:
 par new generation   total 314560K, used 45166K [0x04e00000, 0x1a350000, 0x1a350000)
  eden space 279616K,   8% used [0x04e00000, 0x06511e40, 0x15f10000)
  from space 34944K,  61% used [0x15f10000, 0x17419cb0, 0x18130000)
  to   space 34944K,   0% used [0x18130000, 0x18130000, 0x1a350000)
 concurrent mark-sweep generation total 699072K, used 148746K [0x1a350000, 0x44e00000, 0x44e00000)
 Metaspace       used 23676K, capacity 23905K, committed 24064K, reserved 24960K
GC Heap History (10 events):
Event: 155.611 GC heap before
{Heap before GC invocations=17 (full 13):
 par new generation   total 314560K, used 3479K [0x04e00000, 0x1a350000, 0x1a350000)
  eden space 279616K,   1% used [0x04e00000, 0x05165d48, 0x15f10000)
  from space 34944K,   0% used [0x18130000, 0x18130000, 0x1a350000)
  to   space 34944K,   0% used [0x15f10000, 0x15f10000, 0x18130000)
 concurrent mark-sweep generation total 699072K, used 132699K [0x1a350000, 0x44e00000, 0x44e00000)
 Metaspace       used 23546K, capacity 23750K, committed 23936K, reserved 23936K
Event: 155.819 GC heap after
Heap after GC invocations=18 (full 14):
 par new generation   total 314560K, used 0K [0x04e00000, 0x1a350000, 0x1a350000)
  eden space 279616K,   0% used [0x04e00000, 0x04e00000, 0x15f10000)
  from space 34944K,   0% used [0x18130000, 0x18130000, 0x1a350000)
  to   space 34944K,   0% used [0x15f10000, 0x15f10000, 0x18130000)
 concurrent mark-sweep generation total 699072K, used 132699K [0x1a350000, 0x44e00000, 0x44e00000)
 Metaspace       used 23546K, capacity 23750K, committed 23936K, reserved 23936K
}
Event: 163.074 GC heap before
{Heap before GC invocations=18 (full 15):
 par new generation   total 314560K, used 279616K [0x04e00000, 0x1a350000, 0x1a350000)
  eden space 279616K, 100% used [0x04e00000, 0x15f10000, 0x15f10000)
  from space 34944K,   0% used [0x18130000, 0x18130000, 0x1a350000)
  to   space 34944K,   0% used [0x15f10000, 0x15f10000, 0x18130000)
 concurrent mark-sweep generation total 699072K, used 132666K [0x1a350000, 0x44e00000, 0x44e00000)
 Metaspace       used 23565K, capacity 23787K, committed 23936K, reserved 23936K
Event: 163.094 GC heap after
Heap after GC invocations=19 (full 15):
 par new generation   total 314560K, used 34944K [0x04e00000, 0x1a350000, 0x1a350000)
  eden space 279616K,   0% used [0x04e00000, 0x04e00000, 0x15f10000)
  from space 34944K, 100% used [0x15f10000, 0x18130000, 0x18130000)
  to   space 34944K,   0% used [0x18130000, 0x18130000, 0x1a350000)
 concurrent mark-sweep generation total 699072K, used 135633K [0x1a350000, 0x44e00000, 0x44e00000)
 Metaspace       used 23565K, capacity 23787K, committed 23936K, reserved 23936K
}
Event: 170.619 GC heap before
{Heap before GC invocations=19 (full 16):
 par new generation   total 314560K, used 297408K [0x04e00000, 0x1a350000, 0x1a350000)
  eden space 279616K,  93% used [0x04e00000, 0x14e50168, 0x15f10000)
  from space 34944K, 100% used [0x15f10000, 0x18130000, 0x18130000)
  to   space 34944K,   0% used [0x18130000, 0x18130000, 0x1a350000)
 concurrent mark-sweep generation total 699072K, used 135633K [0x1a350000, 0x44e00000, 0x44e00000)
 Metaspace       used 23579K, capacity 23792K, committed 23936K, reserved 23936K
Event: 171.010 GC heap after
Heap after GC invocations=20 (full 17):
 par new generation   total 314560K, used 0K [0x04e00000, 0x1a350000, 0x1a350000)
  eden space 279616K,   0% used [0x04e00000, 0x04e00000, 0x15f10000)
  from space 34944K,   0% used [0x15f10000, 0x15f10000, 0x18130000)
  to   space 34944K,   0% used [0x18130000, 0x18130000, 0x1a350000)
 concurrent mark-sweep generation total 699072K, used 133038K [0x1a350000, 0x44e00000, 0x44e00000)
 Metaspace       used 23579K, capacity 23792K, committed 23936K, reserved 23936K
}
Event: 181.736 GC heap before
{Heap before GC invocations=20 (full 18):
 par new generation   total 314560K, used 279616K [0x04e00000, 0x1a350000, 0x1a350000)
  eden space 279616K, 100% used [0x04e00000, 0x15f10000, 0x15f10000)
  from space 34944K,   0% used [0x15f10000, 0x15f10000, 0x18130000)
  to   space 34944K,   0% used [0x18130000, 0x18130000, 0x1a350000)
 concurrent mark-sweep generation total 699072K, used 133038K [0x1a350000, 0x44e00000, 0x44e00000)
 Metaspace       used 23629K, capacity 23841K, committed 23936K, reserved 23936K
Event: 181.748 GC heap after
Heap after GC invocations=21 (full 18):
 par new generation   total 314560K, used 29285K [0x04e00000, 0x1a350000, 0x1a350000)
  eden space 279616K,   0% used [0x04e00000, 0x04e00000, 0x15f10000)
  from space 34944K,  83% used [0x18130000, 0x19dc9678, 0x1a350000)
  to   space 34944K,   0% used [0x15f10000, 0x15f10000, 0x18130000)
 concurrent mark-sweep generation total 699072K, used 133038K [0x1a350000, 0x44e00000, 0x44e00000)
 Metaspace       used 23629K, capacity 23841K, committed 23936K, reserved 23936K
}
Event: 200.583 GC heap before
{Heap before GC invocations=21 (full 18):
 par new generation   total 314560K, used 308863K [0x04e00000, 0x1a350000, 0x1a350000)
  eden space 279616K,  99% used [0x04e00000, 0x15f06848, 0x15f10000)
  from space 34944K,  83% used [0x18130000, 0x19dc9678, 0x1a350000)
  to   space 34944K,   0% used [0x15f10000, 0x15f10000, 0x18130000)
 concurrent mark-sweep generation total 699072K, used 133038K [0x1a350000, 0x44e00000, 0x44e00000)
 Metaspace       used 23676K, capacity 23905K, committed 24064K, reserved 24960K
Event: 200.615 GC heap after
Heap after GC invocations=22 (full 18):
 par new generation   total 314560K, used 21543K [0x04e00000, 0x1a350000, 0x1a350000)
  eden space 279616K,   0% used [0x04e00000, 0x04e00000, 0x15f10000)
  from space 34944K,  61% used [0x15f10000, 0x17419cb0, 0x18130000)
  to   space 34944K,   0% used [0x18130000, 0x18130000, 0x1a350000)
 concurrent mark-sweep generation total 699072K, used 148746K [0x1a350000, 0x44e00000, 0x44e00000)
 Metaspace       used 23676K, capacity 23905K, committed 24064K, reserved 24960K
}

