# JRE version: Java(TM) SE Runtime Environment (8.0_121-b13) (build 1.8.0_121-b13)
# Java VM: Java HotSpot(TM) Client VM (25.121-b13 mixed mode windows-x86 )
Heap:
 par new generation   total 314560K, used 84976K [0x05200000, 0x1a750000, 0x1a750000)
  eden space 279616K,  18% used [0x05200000, 0x08516110, 0x16310000)
  from space 34944K,  93% used [0x16310000, 0x182f5fa8, 0x18530000)
  to   space 34944K,   0% used [0x18530000, 0x18530000, 0x1a750000)
 concurrent mark-sweep generation total 699072K, used 110703K [0x1a750000, 0x45200000, 0x45200000)
 Metaspace       used 23388K, capacity 23610K, committed 23808K, reserved 23936K
GC Heap History (10 events):
Event: 101.322 GC heap before
{Heap before GC invocations=9 (full 5):
 par new generation   total 314560K, used 264317K [0x05200000, 0x1a750000, 0x1a750000)
  eden space 279616K,  90% used [0x05200000, 0x149cae78, 0x16310000)
  from space 34944K,  30% used [0x16310000, 0x16d64670, 0x18530000)
  to   space 34944K,   0% used [0x18530000, 0x18530000, 0x1a750000)
 concurrent mark-sweep generation total 699072K, used 55514K [0x1a750000, 0x45200000, 0x45200000)
 Metaspace       used 19128K, capacity 19320K, committed 19456K, reserved 19840K
Event: 101.484 GC heap after
Heap after GC invocations=10 (full 6):
 par new generation   total 314560K, used 0K [0x05200000, 0x1a750000, 0x1a750000)
  eden space 279616K,   0% used [0x05200000, 0x05200000, 0x16310000)
  from space 34944K,   0% used [0x16310000, 0x16310000, 0x18530000)
  to   space 34944K,   0% used [0x18530000, 0x18530000, 0x1a750000)
 concurrent mark-sweep generation total 699072K, used 63184K [0x1a750000, 0x45200000, 0x45200000)
 Metaspace       used 19128K, capacity 19320K, committed 19456K, reserved 19840K
}
Event: 101.484 GC heap before
{Heap before GC invocations=10 (full 6):
 par new generation   total 314560K, used 0K [0x05200000, 0x1a750000, 0x1a750000)
  eden space 279616K,   0% used [0x05200000, 0x05200000, 0x16310000)
  from space 34944K,   0% used [0x16310000, 0x16310000, 0x18530000)
  to   space 34944K,   0% used [0x18530000, 0x18530000, 0x1a750000)
 concurrent mark-sweep generation total 699072K, used 63184K [0x1a750000, 0x45200000, 0x45200000)
 Metaspace       used 19128K, capacity 19320K, committed 19456K, reserved 19840K
Event: 101.597 GC heap after
Heap after GC invocations=11 (full 7):
 par new generation   total 314560K, used 0K [0x05200000, 0x1a750000, 0x1a750000)
  eden space 279616K,   0% used [0x05200000, 0x05200000, 0x16310000)
  from space 34944K,   0% used [0x16310000, 0x16310000, 0x18530000)
  to   space 34944K,   0% used [0x18530000, 0x18530000, 0x1a750000)
 concurrent mark-sweep generation total 699072K, used 63184K [0x1a750000, 0x45200000, 0x45200000)
 Metaspace       used 19128K, capacity 19320K, committed 19456K, reserved 19840K
}
Event: 105.366 GC heap before
{Heap before GC invocations=11 (full 8):
 par new generation   total 314560K, used 279616K [0x05200000, 0x1a750000, 0x1a750000)
  eden space 279616K, 100% used [0x05200000, 0x16310000, 0x16310000)
  from space 34944K,   0% used [0x16310000, 0x16310000, 0x18530000)
  to   space 34944K,   0% used [0x18530000, 0x18530000, 0x1a750000)
 concurrent mark-sweep generation total 699072K, used 62502K [0x1a750000, 0x45200000, 0x45200000)
 Metaspace       used 20805K, capacity 20980K, committed 21120K, reserved 21888K
Event: 105.397 GC heap after
Heap after GC invocations=12 (full 8):
 par new generation   total 314560K, used 34944K [0x05200000, 0x1a750000, 0x1a750000)
  eden space 279616K,   0% used [0x05200000, 0x05200000, 0x16310000)
  from space 34944K, 100% used [0x18530000, 0x1a750000, 0x1a750000)
  to   space 34944K,   0% used [0x16310000, 0x16310000, 0x18530000)
 concurrent mark-sweep generation total 699072K, used 71873K [0x1a750000, 0x45200000, 0x45200000)
 Metaspace       used 20805K, capacity 20980K, committed 21120K, reserved 21888K
}
Event: 107.004 GC heap before
{Heap before GC invocations=12 (full 8):
 par new generation   total 314560K, used 201360K [0x05200000, 0x1a750000, 0x1a750000)
  eden space 279616K,  59% used [0x05200000, 0x0f4843e0, 0x16310000)
  from space 34944K, 100% used [0x18530000, 0x1a750000, 0x1a750000)
  to   space 34944K,   0% used [0x16310000, 0x16310000, 0x18530000)
 concurrent mark-sweep generation total 699072K, used 71873K [0x1a750000, 0x45200000, 0x45200000)
 Metaspace       used 22038K, capacity 22228K, committed 22400K, reserved 22912K
Event: 107.226 GC heap after
Heap after GC invocations=13 (full 9):
 par new generation   total 314560K, used 0K [0x05200000, 0x1a750000, 0x1a750000)
  eden space 279616K,   0% used [0x05200000, 0x05200000, 0x16310000)
  from space 34944K,   0% used [0x18530000, 0x18530000, 0x1a750000)
  to   space 34944K,   0% used [0x16310000, 0x16310000, 0x18530000)
 concurrent mark-sweep generation total 699072K, used 110703K [0x1a750000, 0x45200000, 0x45200000)
 Metaspace       used 22038K, capacity 22228K, committed 22400K, reserved 22912K
}
Event: 109.450 GC heap before
{Heap before GC invocations=13 (full 10):
 par new generation   total 314560K, used 279616K [0x05200000, 0x1a750000, 0x1a750000)
  eden space 279616K, 100% used [0x05200000, 0x16310000, 0x16310000)
  from space 34944K,   0% used [0x18530000, 0x18530000, 0x1a750000)
  to   space 34944K,   0% used [0x16310000, 0x16310000, 0x18530000)
 concurrent mark-sweep generation total 699072K, used 110703K [0x1a750000, 0x45200000, 0x45200000)
 Metaspace       used 23377K, capacity 23607K, committed 23808K, reserved 23936K
Event: 109.461 GC heap after
Heap after GC invocations=14 (full 10):
 par new generation   total 314560K, used 32663K [0x05200000, 0x1a750000, 0x1a750000)
  eden space 279616K,   0% used [0x05200000, 0x05200000, 0x16310000)
  from space 34944K,  93% used [0x16310000, 0x182f5fa8, 0x18530000)
  to   space 34944K,   0% used [0x18530000, 0x18530000, 0x1a750000)
 concurrent mark-sweep generation total 699072K, used 110703K [0x1a750000, 0x45200000, 0x45200000)
 Metaspace       used 23377K, capacity 23607K, committed 23808K, reserved 23936K
}

