# JRE version: Java(TM) SE Runtime Environment (8.0_121-b13) (build 1.8.0_121-b13)
# Java VM: Java HotSpot(TM) Client VM (25.121-b13 mixed mode windows-x86 )
Heap:
 par new generation   total 314560K, used 89452K [0x04800000, 0x19d50000, 0x19d50000)
  eden space 279616K,  29% used [0x04800000, 0x09849508, 0x15910000)
  from space 34944K,  20% used [0x17b30000, 0x18241bc0, 0x19d50000)
  to   space 34944K,   0% used [0x15910000, 0x15910000, 0x17b30000)
 concurrent mark-sweep generation total 699072K, used 151541K [0x19d50000, 0x44800000, 0x44800000)
 Metaspace       used 23500K, capacity 23740K, committed 23936K, reserved 23936K
GC Heap History (10 events):
Event: 71.223 GC heap before
{Heap before GC invocations=12 (full 9):
 par new generation   total 314560K, used 303864K [0x04800000, 0x19d50000, 0x19d50000)
  eden space 279616K, 100% used [0x04800000, 0x15910000, 0x15910000)
  from space 34944K,  69% used [0x17b30000, 0x192de218, 0x19d50000)
  to   space 34944K,   0% used [0x15910000, 0x15910000, 0x17b30000)
 concurrent mark-sweep generation total 699072K, used 62065K [0x19d50000, 0x44800000, 0x44800000)
 Metaspace       used 20772K, capacity 20960K, committed 21120K, reserved 21888K
Event: 71.260 GC heap after
Heap after GC invocations=13 (full 9):
 par new generation   total 314560K, used 34944K [0x04800000, 0x19d50000, 0x19d50000)
  eden space 279616K,   0% used [0x04800000, 0x04800000, 0x15910000)
  from space 34944K, 100% used [0x15910000, 0x17b30000, 0x17b30000)
  to   space 34944K,   0% used [0x17b30000, 0x17b30000, 0x19d50000)
 concurrent mark-sweep generation total 699072K, used 79492K [0x19d50000, 0x44800000, 0x44800000)
 Metaspace       used 20772K, capacity 20960K, committed 21120K, reserved 21888K
}
Event: 75.598 GC heap before
{Heap before GC invocations=13 (full 9):
 par new generation   total 314560K, used 298862K [0x04800000, 0x19d50000, 0x19d50000)
  eden space 279616K,  94% used [0x04800000, 0x149bbb08, 0x15910000)
  from space 34944K, 100% used [0x15910000, 0x17b30000, 0x17b30000)
  to   space 34944K,   0% used [0x17b30000, 0x17b30000, 0x19d50000)
 concurrent mark-sweep generation total 699072K, used 79492K [0x19d50000, 0x44800000, 0x44800000)
 Metaspace       used 22012K, capacity 22213K, committed 22400K, reserved 22912K
Event: 75.944 GC heap after
Heap after GC invocations=14 (full 10):
 par new generation   total 314560K, used 0K [0x04800000, 0x19d50000, 0x19d50000)
  eden space 279616K,   0% used [0x04800000, 0x04800000, 0x15910000)
  from space 34944K,   0% used [0x15910000, 0x15910000, 0x17b30000)
  to   space 34944K,   0% used [0x17b30000, 0x17b30000, 0x19d50000)
 concurrent mark-sweep generation total 699072K, used 131059K [0x19d50000, 0x44800000, 0x44800000)
 Metaspace       used 22012K, capacity 22213K, committed 22400K, reserved 22912K
}
Event: 79.434 GC heap before
{Heap before GC invocations=14 (full 11):
 par new generation   total 314560K, used 279616K [0x04800000, 0x19d50000, 0x19d50000)
  eden space 279616K, 100% used [0x04800000, 0x15910000, 0x15910000)
  from space 34944K,   0% used [0x15910000, 0x15910000, 0x17b30000)
  to   space 34944K,   0% used [0x17b30000, 0x17b30000, 0x19d50000)
 concurrent mark-sweep generation total 699072K, used 131059K [0x19d50000, 0x44800000, 0x44800000)
 Metaspace       used 23378K, capacity 23610K, committed 23808K, reserved 23936K
Event: 79.449 GC heap after
Heap after GC invocations=15 (full 11):
 par new generation   total 314560K, used 34944K [0x04800000, 0x19d50000, 0x19d50000)
  eden space 279616K,   0% used [0x04800000, 0x04800000, 0x15910000)
  from space 34944K, 100% used [0x17b30000, 0x19d50000, 0x19d50000)
  to   space 34944K,   0% used [0x15910000, 0x15910000, 0x17b30000)
 concurrent mark-sweep generation total 699072K, used 132541K [0x19d50000, 0x44800000, 0x44800000)
 Metaspace       used 23378K, capacity 23610K, committed 23808K, reserved 23936K
}
Event: 83.537 GC heap before
{Heap before GC invocations=15 (full 11):
 par new generation   total 314560K, used 314560K [0x04800000, 0x19d50000, 0x19d50000)
  eden space 279616K, 100% used [0x04800000, 0x15910000, 0x15910000)
  from space 34944K, 100% used [0x17b30000, 0x19d50000, 0x19d50000)
  to   space 34944K,   0% used [0x15910000, 0x15910000, 0x17b30000)
 concurrent mark-sweep generation total 699072K, used 130324K [0x19d50000, 0x44800000, 0x44800000)
 Metaspace       used 23385K, capacity 23610K, committed 23808K, reserved 23936K
Event: 83.569 GC heap after
Heap after GC invocations=16 (full 11):
 par new generation   total 314560K, used 23233K [0x04800000, 0x19d50000, 0x19d50000)
  eden space 279616K,   0% used [0x04800000, 0x04800000, 0x15910000)
  from space 34944K,  66% used [0x15910000, 0x16fc0630, 0x17b30000)
  to   space 34944K,   0% used [0x17b30000, 0x17b30000, 0x19d50000)
 concurrent mark-sweep generation total 699072K, used 151541K [0x19d50000, 0x44800000, 0x44800000)
 Metaspace       used 23385K, capacity 23610K, committed 23808K, reserved 23936K
}
Event: 96.484 GC heap before
{Heap before GC invocations=16 (full 12):
 par new generation   total 314560K, used 300000K [0x04800000, 0x19d50000, 0x19d50000)
  eden space 279616K,  98% used [0x04800000, 0x15647a88, 0x15910000)
  from space 34944K,  66% used [0x15910000, 0x16fc0630, 0x17b30000)
  to   space 34944K,   0% used [0x17b30000, 0x17b30000, 0x19d50000)
 concurrent mark-sweep generation total 699072K, used 151541K [0x19d50000, 0x44800000, 0x44800000)
 Metaspace       used 23493K, capacity 23708K, committed 23808K, reserved 23936K
Event: 96.488 GC heap after
Heap after GC invocations=17 (full 12):
 par new generation   total 314560K, used 7238K [0x04800000, 0x19d50000, 0x19d50000)
  eden space 279616K,   0% used [0x04800000, 0x04800000, 0x15910000)
  from space 34944K,  20% used [0x17b30000, 0x18241bc0, 0x19d50000)
  to   space 34944K,   0% used [0x15910000, 0x15910000, 0x17b30000)
 concurrent mark-sweep generation total 699072K, used 151541K [0x19d50000, 0x44800000, 0x44800000)
 Metaspace       used 23493K, capacity 23708K, committed 23808K, reserved 23936K
}

