# JRE version: Java(TM) SE Runtime Environment (8.0_121-b13) (build 1.8.0_121-b13)
# Java VM: Java HotSpot(TM) Client VM (25.121-b13 mixed mode windows-x86 )
Heap:
 par new generation   total 314560K, used 65507K [0x05400000, 0x1a950000, 0x1a950000)
  eden space 279616K,  18% used [0x05400000, 0x08710430, 0x16510000)
  from space 34944K,  37% used [0x18730000, 0x194189c8, 0x1a950000)
  to   space 34944K,   0% used [0x16510000, 0x16510000, 0x18730000)
 concurrent mark-sweep generation total 699072K, used 139516K [0x1a950000, 0x45400000, 0x45400000)
 Metaspace       used 25207K, capacity 25409K, committed 25600K, reserved 25984K
GC Heap History (10 events):
Event: 96.630 GC heap before
{Heap before GC invocations=16 (full 9):
 par new generation   total 314560K, used 46098K [0x05400000, 0x1a950000, 0x1a950000)
  eden space 279616K,   3% used [0x05400000, 0x05ee4a58, 0x16510000)
  from space 34944K, 100% used [0x18730000, 0x1a950000, 0x1a950000)
  to   space 34944K,   0% used [0x16510000, 0x16510000, 0x18730000)
 concurrent mark-sweep generation total 699072K, used 116212K [0x1a950000, 0x45400000, 0x45400000)
 Metaspace       used 23740K, capacity 23914K, committed 24064K, reserved 24960K
Event: 96.950 GC heap after
Heap after GC invocations=17 (full 10):
 par new generation   total 314560K, used 0K [0x05400000, 0x1a950000, 0x1a950000)
  eden space 279616K,   0% used [0x05400000, 0x05400000, 0x16510000)
  from space 34944K,   0% used [0x18730000, 0x18730000, 0x1a950000)
  to   space 34944K,   0% used [0x16510000, 0x16510000, 0x18730000)
 concurrent mark-sweep generation total 699072K, used 132509K [0x1a950000, 0x45400000, 0x45400000)
 Metaspace       used 23740K, capacity 23914K, committed 24064K, reserved 24960K
}
Event: 100.494 GC heap before
{Heap before GC invocations=17 (full 11):
 par new generation   total 314560K, used 279616K [0x05400000, 0x1a950000, 0x1a950000)
  eden space 279616K, 100% used [0x05400000, 0x16510000, 0x16510000)
  from space 34944K,   0% used [0x18730000, 0x18730000, 0x1a950000)
  to   space 34944K,   0% used [0x16510000, 0x16510000, 0x18730000)
 concurrent mark-sweep generation total 699072K, used 132509K [0x1a950000, 0x45400000, 0x45400000)
 Metaspace       used 25121K, capacity 25343K, committed 25472K, reserved 25984K
Event: 100.511 GC heap after
Heap after GC invocations=18 (full 11):
 par new generation   total 314560K, used 34944K [0x05400000, 0x1a950000, 0x1a950000)
  eden space 279616K,   0% used [0x05400000, 0x05400000, 0x16510000)
  from space 34944K, 100% used [0x16510000, 0x18730000, 0x18730000)
  to   space 34944K,   0% used [0x18730000, 0x18730000, 0x1a950000)
 concurrent mark-sweep generation total 699072K, used 132588K [0x1a950000, 0x45400000, 0x45400000)
 Metaspace       used 25121K, capacity 25343K, committed 25472K, reserved 25984K
}
Event: 112.848 GC heap before
{Heap before GC invocations=18 (full 11):
 par new generation   total 314560K, used 314560K [0x05400000, 0x1a950000, 0x1a950000)
  eden space 279616K, 100% used [0x05400000, 0x16510000, 0x16510000)
  from space 34944K, 100% used [0x16510000, 0x18730000, 0x18730000)
  to   space 34944K,   0% used [0x18730000, 0x18730000, 0x1a950000)
 concurrent mark-sweep generation total 699072K, used 132588K [0x1a950000, 0x45400000, 0x45400000)
 Metaspace       used 25137K, capacity 25375K, committed 25472K, reserved 25984K
Event: 112.889 GC heap after
Heap after GC invocations=19 (full 11):
 par new generation   total 314560K, used 21777K [0x05400000, 0x1a950000, 0x1a950000)
  eden space 279616K,   0% used [0x05400000, 0x05400000, 0x16510000)
  from space 34944K,  62% used [0x18730000, 0x19c74578, 0x1a950000)
  to   space 34944K,   0% used [0x16510000, 0x16510000, 0x18730000)
 concurrent mark-sweep generation total 699072K, used 153595K [0x1a950000, 0x45400000, 0x45400000)
 Metaspace       used 25137K, capacity 25375K, committed 25472K, reserved 25984K
}
Event: 119.489 GC heap before
{Heap before GC invocations=19 (full 11):
 par new generation   total 314560K, used 301393K [0x05400000, 0x1a950000, 0x1a950000)
  eden space 279616K, 100% used [0x05400000, 0x16510000, 0x16510000)
  from space 34944K,  62% used [0x18730000, 0x19c74578, 0x1a950000)
  to   space 34944K,   0% used [0x16510000, 0x16510000, 0x18730000)
 concurrent mark-sweep generation total 699072K, used 139516K [0x1a950000, 0x45400000, 0x45400000)
 Metaspace       used 25162K, capacity 25375K, committed 25472K, reserved 25984K
Event: 119.493 GC heap after
Heap after GC invocations=20 (full 11):
 par new generation   total 314560K, used 8834K [0x05400000, 0x1a950000, 0x1a950000)
  eden space 279616K,   0% used [0x05400000, 0x05400000, 0x16510000)
  from space 34944K,  25% used [0x16510000, 0x16db0a18, 0x18730000)
  to   space 34944K,   0% used [0x18730000, 0x18730000, 0x1a950000)
 concurrent mark-sweep generation total 699072K, used 139516K [0x1a950000, 0x45400000, 0x45400000)
 Metaspace       used 25162K, capacity 25375K, committed 25472K, reserved 25984K
}
Event: 130.261 GC heap before
{Heap before GC invocations=20 (full 12):
 par new generation   total 314560K, used 288243K [0x05400000, 0x1a950000, 0x1a950000)
  eden space 279616K,  99% used [0x05400000, 0x164dc4c0, 0x16510000)
  from space 34944K,  25% used [0x16510000, 0x16db0a18, 0x18730000)
  to   space 34944K,   0% used [0x18730000, 0x18730000, 0x1a950000)
 concurrent mark-sweep generation total 699072K, used 139516K [0x1a950000, 0x45400000, 0x45400000)
 Metaspace       used 25165K, capacity 25377K, committed 25472K, reserved 25984K
Event: 130.267 GC heap after
Heap after GC invocations=21 (full 12):
 par new generation   total 314560K, used 13218K [0x05400000, 0x1a950000, 0x1a950000)
  eden space 279616K,   0% used [0x05400000, 0x05400000, 0x16510000)
  from space 34944K,  37% used [0x18730000, 0x194189c8, 0x1a950000)
  to   space 34944K,   0% used [0x16510000, 0x16510000, 0x18730000)
 concurrent mark-sweep generation total 699072K, used 139516K [0x1a950000, 0x45400000, 0x45400000)
 Metaspace       used 25165K, capacity 25377K, committed 25472K, reserved 25984K
}

